2024/11/25 17:53:27 - mmengine - INFO - 
------------------------------------------------------------
System environment:
    sys.platform: linux
    Python: 3.8.20 (default, Oct  3 2024, 15:24:27) [GCC 11.2.0]
    CUDA available: True
    MUSA available: False
    numpy_random_seed: 515822501
    GPU 0: Tesla V100-PCIE-16GB
    CUDA_HOME: /usr/local/cuda
    NVCC: Cuda compilation tools, release 11.1, V11.1.74
    GCC: gcc (Ubuntu 9.4.0-1ubuntu1~20.04.2) 9.4.0
    PyTorch: 2.1.2
    PyTorch compiling details: PyTorch built with:
  - GCC 9.3
  - C++ Version: 201703
  - Intel(R) oneAPI Math Kernel Library Version 2023.1-Product Build 20230303 for Intel(R) 64 architecture applications
  - Intel(R) MKL-DNN v3.1.1 (Git Hash 64f6bcbcbab628e96f33a62c3e975f8535a7bde4)
  - OpenMP 201511 (a.k.a. OpenMP 4.5)
  - LAPACK is enabled (usually provided by MKL)
  - NNPACK is enabled
  - CPU capability usage: AVX2
  - CUDA Runtime 11.8
  - NVCC architecture flags: -gencode;arch=compute_50,code=sm_50;-gencode;arch=compute_60,code=sm_60;-gencode;arch=compute_61,code=sm_61;-gencode;arch=compute_70,code=sm_70;-gencode;arch=compute_75,code=sm_75;-gencode;arch=compute_80,code=sm_80;-gencode;arch=compute_86,code=sm_86;-gencode;arch=compute_37,code=sm_37;-gencode;arch=compute_90,code=sm_90;-gencode;arch=compute_37,code=compute_37
  - CuDNN 8.7
  - Magma 2.6.1
  - Build settings: BLAS_INFO=mkl, BUILD_TYPE=Release, CUDA_VERSION=11.8, CUDNN_VERSION=8.7.0, CXX_COMPILER=/opt/rh/devtoolset-9/root/usr/bin/c++, CXX_FLAGS= -D_GLIBCXX_USE_CXX11_ABI=0 -fabi-version=11 -fvisibility-inlines-hidden -DUSE_PTHREADPOOL -DNDEBUG -DUSE_KINETO -DLIBKINETO_NOROCTRACER -DUSE_FBGEMM -DUSE_QNNPACK -DUSE_PYTORCH_QNNPACK -DUSE_XNNPACK -DSYMBOLICATE_MOBILE_DEBUG_HANDLE -O2 -fPIC -Wall -Wextra -Werror=return-type -Werror=non-virtual-dtor -Werror=bool-operation -Wnarrowing -Wno-missing-field-initializers -Wno-type-limits -Wno-array-bounds -Wno-unknown-pragmas -Wno-unused-parameter -Wno-unused-function -Wno-unused-result -Wno-strict-overflow -Wno-strict-aliasing -Wno-stringop-overflow -Wno-psabi -Wno-error=pedantic -Wno-error=old-style-cast -Wno-invalid-partial-specialization -Wno-unused-private-field -Wno-aligned-allocation-unavailable -Wno-missing-braces -fdiagnostics-color=always -faligned-new -Wno-unused-but-set-variable -Wno-maybe-uninitialized -fno-math-errno -fno-trapping-math -Werror=format -Werror=cast-function-type -Wno-stringop-overflow, LAPACK_INFO=mkl, PERF_WITH_AVX=1, PERF_WITH_AVX2=1, PERF_WITH_AVX512=1, TORCH_DISABLE_GPU_ASSERTS=ON, TORCH_VERSION=2.1.2, USE_CUDA=ON, USE_CUDNN=ON, USE_EXCEPTION_PTR=1, USE_GFLAGS=OFF, USE_GLOG=OFF, USE_MKL=ON, USE_MKLDNN=ON, USE_MPI=OFF, USE_NCCL=ON, USE_NNPACK=ON, USE_OPENMP=ON, USE_ROCM=OFF, 

    TorchVision: 0.16.2
    OpenCV: 4.10.0
    MMEngine: 0.10.5

Runtime environment:
    dist_cfg: {'backend': 'nccl'}
    seed: 515822501
    Distributed launcher: none
    Distributed training: False
    GPU number: 1
------------------------------------------------------------

2024/11/25 17:53:28 - mmengine - INFO - Distributed training is not used, all SyncBatchNorm (SyncBN) layers in the model will be automatically reverted to BatchNormXd layers if they are used.
2024/11/25 17:53:28 - mmengine - INFO - Hooks will be executed in the following order:
before_run:
(VERY_HIGH   ) RuntimeInfoHook                    
(BELOW_NORMAL) LoggerHook                         
 -------------------- 
before_train:
(VERY_HIGH   ) RuntimeInfoHook                    
(NORMAL      ) IterTimerHook                      
(VERY_LOW    ) CheckpointHook                     
 -------------------- 
before_train_epoch:
(VERY_HIGH   ) RuntimeInfoHook                    
(NORMAL      ) IterTimerHook                      
(NORMAL      ) DistSamplerSeedHook                
 -------------------- 
before_train_iter:
(VERY_HIGH   ) RuntimeInfoHook                    
(NORMAL      ) IterTimerHook                      
 -------------------- 
after_train_iter:
(VERY_HIGH   ) RuntimeInfoHook                    
(NORMAL      ) IterTimerHook                      
(BELOW_NORMAL) LoggerHook                         
(LOW         ) ParamSchedulerHook                 
(VERY_LOW    ) CheckpointHook                     
 -------------------- 
after_train_epoch:
(NORMAL      ) IterTimerHook                      
(LOW         ) ParamSchedulerHook                 
(VERY_LOW    ) CheckpointHook                     
 -------------------- 
before_val:
(VERY_HIGH   ) RuntimeInfoHook                    
 -------------------- 
before_val_epoch:
(NORMAL      ) IterTimerHook                      
 -------------------- 
before_val_iter:
(NORMAL      ) IterTimerHook                      
 -------------------- 
after_val_iter:
(NORMAL      ) IterTimerHook                      
(BELOW_NORMAL) LoggerHook                         
 -------------------- 
after_val_epoch:
(VERY_HIGH   ) RuntimeInfoHook                    
(NORMAL      ) IterTimerHook                      
(BELOW_NORMAL) LoggerHook                         
(LOW         ) ParamSchedulerHook                 
(VERY_LOW    ) CheckpointHook                     
 -------------------- 
after_val:
(VERY_HIGH   ) RuntimeInfoHook                    
 -------------------- 
after_train:
(VERY_HIGH   ) RuntimeInfoHook                    
(VERY_LOW    ) CheckpointHook                     
 -------------------- 
before_test:
(VERY_HIGH   ) RuntimeInfoHook                    
 -------------------- 
before_test_epoch:
(NORMAL      ) IterTimerHook                      
 -------------------- 
before_test_iter:
(NORMAL      ) IterTimerHook                      
 -------------------- 
after_test_iter:
(NORMAL      ) IterTimerHook                      
(BELOW_NORMAL) LoggerHook                         
 -------------------- 
after_test_epoch:
(VERY_HIGH   ) RuntimeInfoHook                    
(NORMAL      ) IterTimerHook                      
(BELOW_NORMAL) LoggerHook                         
 -------------------- 
after_test:
(VERY_HIGH   ) RuntimeInfoHook                    
 -------------------- 
after_run:
(BELOW_NORMAL) LoggerHook                         
 -------------------- 
Name of parameter - Initialization information

backbone.conv1.0.weight - torch.Size([64, 3, 3, 7, 7]): 
KaimingInit: a=0, mode=fan_out, nonlinearity=relu, distribution =normal, bias=0 

backbone.conv1.0.bias - torch.Size([64]): 
KaimingInit: a=0, mode=fan_out, nonlinearity=relu, distribution =normal, bias=0 

backbone.conv1.1.weight - torch.Size([64]): 
The value is the same before and after calling `init_weights` of RecognizerZelda  

backbone.conv1.1.bias - torch.Size([64]): 
The value is the same before and after calling `init_weights` of RecognizerZelda  

backbone.conv.0.weight - torch.Size([128, 64, 3, 3, 3]): 
KaimingInit: a=0, mode=fan_out, nonlinearity=relu, distribution =normal, bias=0 

backbone.conv.0.bias - torch.Size([128]): 
KaimingInit: a=0, mode=fan_out, nonlinearity=relu, distribution =normal, bias=0 

backbone.conv.1.weight - torch.Size([128]): 
The value is the same before and after calling `init_weights` of RecognizerZelda  

backbone.conv.1.bias - torch.Size([128]): 
The value is the same before and after calling `init_weights` of RecognizerZelda  

cls_head.fc.weight - torch.Size([2, 128]): 
NormalInit: mean=0, std=0.01, bias=0 

cls_head.fc.bias - torch.Size([2]): 
NormalInit: mean=0, std=0.01, bias=0 
2024/11/25 17:53:28 - mmengine - WARNING - "FileClient" will be deprecated in future. Please use io functions in https://mmengine.readthedocs.io/en/latest/api/fileio.html#file-io
2024/11/25 17:53:28 - mmengine - WARNING - "HardDiskBackend" is the alias of "LocalBackend" and the former will be deprecated in future.
2024/11/25 17:53:28 - mmengine - INFO - Checkpoints will be saved to /home/jupyter-yixuan/mmaction2/work_dirs/guide.
2024/11/25 17:53:30 - mmengine - INFO - Epoch(train)  [1][10/15]  lr: 1.0000e-02  eta: 0:00:28  time: 0.2040  data_time: 0.0703  memory: 430  loss: 0.9217  loss_cls: 0.9217
2024/11/25 17:53:31 - mmengine - INFO - Exp name: 20241125_175326
2024/11/25 17:53:31 - mmengine - INFO - Saving checkpoint at 1 epochs
2024/11/25 17:53:31 - mmengine - WARNING - `save_param_scheduler` is True but `self.param_schedulers` is None, so skip saving parameter schedulers
2024/11/25 17:53:33 - mmengine - INFO - Epoch(val) [1][5/5]    acc/topk1: 0.5000  acc/topk5: 1.0000  data_time: 0.4716  time: 0.5017
2024/11/25 17:53:34 - mmengine - INFO - Epoch(train)  [2][10/15]  lr: 1.0000e-02  eta: 0:00:19  time: 0.1275  data_time: 0.0773  memory: 1187  loss: 0.8718  loss_cls: 0.8718
2024/11/25 17:53:35 - mmengine - INFO - Exp name: 20241125_175326
2024/11/25 17:53:35 - mmengine - INFO - Saving checkpoint at 2 epochs
2024/11/25 17:53:38 - mmengine - INFO - Epoch(val) [2][5/5]    acc/topk1: 0.4000  acc/topk5: 1.0000  data_time: 0.4654  time: 0.4957
2024/11/25 17:53:39 - mmengine - INFO - Epoch(train)  [3][10/15]  lr: 1.0000e-02  eta: 0:00:15  time: 0.1202  data_time: 0.0686  memory: 1187  loss: 0.7499  loss_cls: 0.7499
2024/11/25 17:53:39 - mmengine - INFO - Exp name: 20241125_175326
2024/11/25 17:53:39 - mmengine - INFO - Saving checkpoint at 3 epochs
2024/11/25 17:53:42 - mmengine - INFO - Epoch(val) [3][5/5]    acc/topk1: 0.5000  acc/topk5: 1.0000  data_time: 0.4508  time: 0.4808
2024/11/25 17:53:43 - mmengine - INFO - Epoch(train)  [4][10/15]  lr: 1.0000e-02  eta: 0:00:13  time: 0.1199  data_time: 0.0696  memory: 1187  loss: 0.7089  loss_cls: 0.7089
2024/11/25 17:53:44 - mmengine - INFO - Exp name: 20241125_175326
2024/11/25 17:53:44 - mmengine - INFO - Saving checkpoint at 4 epochs
2024/11/25 17:53:46 - mmengine - INFO - Epoch(val) [4][5/5]    acc/topk1: 0.5000  acc/topk5: 1.0000  data_time: 0.4666  time: 0.4968
2024/11/25 17:53:48 - mmengine - INFO - Epoch(train)  [5][10/15]  lr: 1.0000e-02  eta: 0:00:10  time: 0.1224  data_time: 0.0714  memory: 1187  loss: 0.6216  loss_cls: 0.6216
2024/11/25 17:53:48 - mmengine - INFO - Exp name: 20241125_175326
2024/11/25 17:53:48 - mmengine - INFO - Saving checkpoint at 5 epochs
2024/11/25 17:53:51 - mmengine - INFO - Epoch(val) [5][5/5]    acc/topk1: 0.4000  acc/topk5: 1.0000  data_time: 0.4613  time: 0.4912
2024/11/25 17:53:52 - mmengine - INFO - Epoch(train)  [6][10/15]  lr: 1.0000e-02  eta: 0:00:08  time: 0.1236  data_time: 0.0730  memory: 1187  loss: 0.4986  loss_cls: 0.4986
2024/11/25 17:53:53 - mmengine - INFO - Exp name: 20241125_175326
2024/11/25 17:53:53 - mmengine - INFO - Saving checkpoint at 6 epochs
2024/11/25 17:53:55 - mmengine - INFO - Epoch(val) [6][5/5]    acc/topk1: 0.4000  acc/topk5: 1.0000  data_time: 0.4738  time: 0.5040
2024/11/25 17:53:56 - mmengine - INFO - Epoch(train)  [7][10/15]  lr: 1.0000e-02  eta: 0:00:06  time: 0.1284  data_time: 0.0775  memory: 1187  loss: 0.5641  loss_cls: 0.5641
2024/11/25 17:53:57 - mmengine - INFO - Exp name: 20241125_175326
2024/11/25 17:53:57 - mmengine - INFO - Saving checkpoint at 7 epochs
2024/11/25 17:54:00 - mmengine - INFO - Epoch(val) [7][5/5]    acc/topk1: 0.3000  acc/topk5: 1.0000  data_time: 0.4608  time: 0.4908
2024/11/25 17:54:01 - mmengine - INFO - Epoch(train)  [8][10/15]  lr: 1.0000e-02  eta: 0:00:04  time: 0.1267  data_time: 0.0764  memory: 1187  loss: 0.7981  loss_cls: 0.7981
2024/11/25 17:54:02 - mmengine - INFO - Exp name: 20241125_175326
2024/11/25 17:54:02 - mmengine - INFO - Saving checkpoint at 8 epochs
2024/11/25 17:54:04 - mmengine - INFO - Epoch(val) [8][5/5]    acc/topk1: 0.5000  acc/topk5: 1.0000  data_time: 0.4562  time: 0.4862
2024/11/25 17:54:05 - mmengine - INFO - Epoch(train)  [9][10/15]  lr: 1.0000e-02  eta: 0:00:02  time: 0.1181  data_time: 0.0672  memory: 1187  loss: 0.5718  loss_cls: 0.5718
2024/11/25 17:54:06 - mmengine - INFO - Exp name: 20241125_175326
2024/11/25 17:54:06 - mmengine - INFO - Saving checkpoint at 9 epochs
2024/11/25 17:54:08 - mmengine - INFO - Epoch(val) [9][5/5]    acc/topk1: 0.3000  acc/topk5: 1.0000  data_time: 0.4521  time: 0.4829
2024/11/25 17:54:10 - mmengine - INFO - Epoch(train) [10][10/15]  lr: 1.0000e-02  eta: 0:00:00  time: 0.1191  data_time: 0.0673  memory: 1187  loss: 0.5784  loss_cls: 0.5784
2024/11/25 17:54:10 - mmengine - INFO - Exp name: 20241125_175326
2024/11/25 17:54:10 - mmengine - INFO - Saving checkpoint at 10 epochs
2024/11/25 17:54:13 - mmengine - INFO - Epoch(val) [10][5/5]    acc/topk1: 0.3000  acc/topk5: 1.0000  data_time: 0.4692  time: 0.4996
